<?xml version="1.0" encoding="UTF-8"?>
<testng-results ignored="0" total="1" passed="1" failed="0" skipped="0">
  <reporter-output>
  </reporter-output>
  <suite started-at="2025-09-01T15:33:48 IST" name="Default suite" finished-at="2025-09-01T15:33:51 IST" duration-ms="3180">
    <groups>
    </groups>
    <test started-at="2025-09-01T15:33:48 IST" name="Default test" finished-at="2025-09-01T15:33:51 IST" duration-ms="3180">
      <class name="com.api.tests.LoginAPITest3">
        <test-method signature="loginTest()[pri:0, instance:com.api.tests.LoginAPITest3@6c64cb25]" started-at="2025-09-01T15:33:48 IST" name="loginTest" description="Verifying Login API is Workng" finished-at="2025-09-01T15:33:51 IST" duration-ms="3113" status="PASS">
          <reporter-output>
          </reporter-output>
        </test-method> <!-- loginTest -->
      </class> <!-- com.api.tests.LoginAPITest3 -->
    </test> <!-- Default test -->
  </suite> <!-- Default suite -->
</testng-results>
